c:\users\sandeep\documents\visual studio 2015\projects\c programs\c programs\debug\vc140.pdb
c:\users\sandeep\documents\visual studio 2015\projects\c programs\c programs\debug\vc140.idb
c:\users\sandeep\documents\visual studio 2015\projects\c programs\c programs\debug\floyds algorithm.obj
c:\users\sandeep\documents\visual studio 2015\projects\c programs\c programs\debug\max min arranging.obj
c:\users\sandeep\documents\visual studio 2015\projects\c programs\c programs\debug\substrings in mainstring.obj
c:\users\sandeep\documents\visual studio 2015\projects\c programs\c programs\debug\bit fields.obj
c:\users\sandeep\documents\visual studio 2015\projects\c programs\c programs\debug\jam.obj
c:\users\sandeep\documents\visual studio 2015\projects\c programs\c programs\debug\ap's in array.obj
c:\users\sandeep\documents\visual studio 2015\projects\c programs\c programs\debug\min difference in array.obj
c:\users\sandeep\documents\visual studio 2015\projects\c programs\c programs\debug\merge circular lists.obj
c:\users\sandeep\documents\visual studio 2015\projects\c programs\c programs\debug\no of days.obj
c:\users\sandeep\documents\visual studio 2015\projects\c programs\c programs\debug\common string in 4.obj
c:\users\sandeep\documents\visual studio 2015\projects\c programs\c programs\debug\snackdown.obj
c:\users\sandeep\documents\visual studio 2015\projects\c programs\c programs\debug\kgood.obj
c:\users\sandeep\documents\visual studio 2015\projects\c programs\c programs\debug\dev array.obj
c:\users\sandeep\documents\visual studio 2015\projects\c programs\c programs\debug\choclates for everyone.obj
c:\users\sandeep\documents\visual studio 2015\projects\c programs\c programs\debug\count tokens.obj
c:\users\sandeep\documents\visual studio 2015\projects\c programs\c programs\debug\reverse substring.obj
c:\users\sandeep\documents\visual studio 2015\projects\c programs\debug\c programs.ilk
c:\users\sandeep\documents\visual studio 2015\projects\c programs\debug\c programs.exe
c:\users\sandeep\documents\visual studio 2015\projects\c programs\debug\c programs.pdb
c:\users\sandeep\documents\visual studio 2015\projects\c programs\c programs\debug\c programs.tlog\cl.command.1.tlog
c:\users\sandeep\documents\visual studio 2015\projects\c programs\c programs\debug\c programs.tlog\cl.read.1.tlog
c:\users\sandeep\documents\visual studio 2015\projects\c programs\c programs\debug\c programs.tlog\cl.write.1.tlog
c:\users\sandeep\documents\visual studio 2015\projects\c programs\c programs\debug\c programs.tlog\link.command.1.tlog
c:\users\sandeep\documents\visual studio 2015\projects\c programs\c programs\debug\c programs.tlog\link.read.1.tlog
c:\users\sandeep\documents\visual studio 2015\projects\c programs\c programs\debug\c programs.tlog\link.write.1.tlog
